INFO:     Will watch for changes in these directories: ['/Users/joshualimaye/PycharmProjects/seedling-backend/app/schemas']
INFO:     Uvicorn running on http://127.0.0.1:8000 (Press CTRL+C to quit)
INFO:     Started reloader process [32154] using WatchFiles
Traceback (most recent call last):
  File "<string>", line 1, in <module>
  File "/opt/homebrew/Caskroom/miniforge/base/lib/python3.9/multiprocessing/spawn.py", line 116, in spawn_main
    exitcode = _main(fd, parent_sentinel)
  File "/opt/homebrew/Caskroom/miniforge/base/lib/python3.9/multiprocessing/spawn.py", line 125, in _main
    prepare(preparation_data)
  File "/opt/homebrew/Caskroom/miniforge/base/lib/python3.9/multiprocessing/spawn.py", line 236, in prepare
    _fixup_main_from_path(data['init_main_from_path'])
  File "/opt/homebrew/Caskroom/miniforge/base/lib/python3.9/multiprocessing/spawn.py", line 287, in _fixup_main_from_path
    main_content = runpy.run_path(main_path,
  File "/opt/homebrew/Caskroom/miniforge/base/lib/python3.9/runpy.py", line 268, in run_path
    return _run_module_code(code, init_globals, run_name,
  File "/opt/homebrew/Caskroom/miniforge/base/lib/python3.9/runpy.py", line 97, in _run_module_code
    _run_code(code, mod_globals, init_globals,
  File "/opt/homebrew/Caskroom/miniforge/base/lib/python3.9/runpy.py", line 87, in _run_code
    exec(code, run_globals)
  File "/opt/homebrew/Caskroom/miniforge/base/bin/uvicorn", line 5, in <module>
    from uvicorn.main import main
  File "/opt/homebrew/Caskroom/miniforge/base/lib/python3.9/site-packages/uvicorn/__init__.py", line 1, in <module>
    from uvicorn.config import Config
  File "/opt/homebrew/Caskroom/miniforge/base/lib/python3.9/site-packages/uvicorn/config.py", line 3, in <module>
    import asyncio
  File "/opt/homebrew/Caskroom/miniforge/base/lib/python3.9/asyncio/__init__.py", line 8, in <module>
    from .base_events import *
  File "/opt/homebrew/Caskroom/miniforge/base/lib/python3.9/asyncio/base_events.py", line 18, in <module>
    import concurrent.futures
  File "/opt/homebrew/Caskroom/miniforge/base/lib/python3.9/concurrent/futures/__init__.py", line 8, in <module>
    from concurrent.futures._base import (FIRST_COMPLETED,
  File "/opt/homebrew/Caskroom/miniforge/base/lib/python3.9/concurrent/futures/_base.py", line 7, in <module>
    import logging
  File "/opt/homebrew/Caskroom/miniforge/base/lib/python3.9/logging/__init__.py", line 26, in <module>
    import sys, os, time, io, re, traceback, warnings, weakref, collections.abc
  File "/opt/homebrew/Caskroom/miniforge/base/lib/python3.9/traceback.py", line 5, in <module>
    import linecache
  File "/opt/homebrew/Caskroom/miniforge/base/lib/python3.9/linecache.py", line 11, in <module>
    import tokenize
  File "/opt/homebrew/Caskroom/miniforge/base/lib/python3.9/tokenize.py", line 34, in <module>
    from token import *
  File "/Users/joshualimaye/PycharmProjects/seedling-backend/app/schemas/token.py", line 1, in <module>
    from pydantic import BaseModel
ImportError: cannot import name 'BaseModel' from 'pydantic' (/opt/homebrew/Caskroom/miniforge/base/lib/python3.9/site-packages/pydantic/__init__.py)
INFO:     Stopping reloader process [32154]
